INFO 2025-10-13 06:17:12,935 autoreload Watching for file changes with StatReloader
INFO 2025-10-13 06:17:39,579 autoreload Watching for file changes with StatReloader
INFO 2025-10-13 06:17:45,216 basehttp "GET / HTTP/1.1" 200 6100
INFO 2025-10-13 06:17:45,443 basehttp "GET /static/login/login.css HTTP/1.1" 304 0
INFO 2025-10-13 06:17:45,471 basehttp "GET /static/login/login.js HTTP/1.1" 304 0
INFO 2025-10-13 06:17:45,492 basehttp "GET /static/main/1.png HTTP/1.1" 304 0
INFO 2025-10-13 06:17:45,906 basehttp "GET /favicon.ico HTTP/1.1" 200 68
INFO 2025-10-13 06:18:18,333 basehttp "POST / HTTP/1.1" 302 0
INFO 2025-10-13 06:18:18,359 basehttp "GET /api/teacher-panel/dashboard/ HTTP/1.1" 200 53110
INFO 2025-10-13 06:18:18,389 basehttp "GET /media/questions/3.png HTTP/1.1" 200 1817
INFO 2025-10-13 06:18:18,390 basehttp "GET /media/questions/tyuring_ymIYCJm.jpg HTTP/1.1" 200 204070
INFO 2025-10-13 06:18:18,397 basehttp "GET /media/questions/uzim.jpg HTTP/1.1" 200 82266
INFO 2025-10-13 06:18:18,397 basehttp "GET /media/questions/savolniki.jpg HTTP/1.1" 200 155910
INFO 2025-10-13 06:18:18,841 basehttp "GET /favicon.ico HTTP/1.1" 200 68
INFO 2025-10-13 06:18:24,964 basehttp "GET /api/teacher-panel/add-question/?target=student HTTP/1.1" 200 24282
INFO 2025-10-13 06:18:24,983 basehttp "GET /static/teacher_panel/css/formula_panel.css HTTP/1.1" 200 4700
INFO 2025-10-13 06:18:25,066 basehttp "GET /favicon.ico HTTP/1.1" 200 68
INFO 2025-10-13 06:23:56,700 basehttp "GET /api/teacher-panel/add-question HTTP/1.1" 301 0
INFO 2025-10-13 06:23:56,711 basehttp "GET /api/teacher-panel/add-question/ HTTP/1.1" 200 24282
INFO 2025-10-13 06:23:56,909 basehttp "GET /favicon.ico HTTP/1.1" 200 68
INFO 2025-10-13 06:28:02,111 basehttp "GET /api/teacher-panel/add-question/ HTTP/1.1" 200 30070
INFO 2025-10-13 06:28:02,125 basehttp "GET /static/teacher_panel/js/formula_panel.js HTTP/1.1" 200 14466
INFO 2025-10-13 06:28:02,347 basehttp "GET /favicon.ico HTTP/1.1" 200 68
INFO 2025-10-13 06:31:47,234 basehttp "GET /api/teacher-panel/add-question/ HTTP/1.1" 200 30070
INFO 2025-10-13 06:31:47,448 basehttp "GET /favicon.ico HTTP/1.1" 200 68
INFO 2025-10-13 06:31:50,777 basehttp "GET /api/teacher-panel/dashboard/ HTTP/1.1" 200 53110
INFO 2025-10-13 06:31:50,989 basehttp "GET /favicon.ico HTTP/1.1" 200 68
INFO 2025-10-13 06:32:09,411 basehttp "GET /api/teacher-panel/add-question/?target=student HTTP/1.1" 200 30070
INFO 2025-10-13 06:32:09,542 basehttp "GET /favicon.ico HTTP/1.1" 200 68
INFO 2025-10-13 06:34:00,818 basehttp "POST /api/teacher-panel/add-question/?target=student HTTP/1.1" 200 30246
INFO 2025-10-13 06:34:00,988 basehttp "GET /favicon.ico HTTP/1.1" 200 68
INFO 2025-10-13 06:34:04,912 basehttp "GET /api/teacher-panel/dashboard/ HTTP/1.1" 200 55114
INFO 2025-10-13 06:34:04,959 basehttp "GET /media/questions/Screenshot_from_2025-09-22_16-32-58.png HTTP/1.1" 200 199219
INFO 2025-10-13 06:34:05,047 basehttp "GET /favicon.ico HTTP/1.1" 200 68
INFO 2025-10-13 06:37:32,735 basehttp "GET /api/teacher-panel/logout/ HTTP/1.1" 302 0
INFO 2025-10-13 06:37:32,741 basehttp "GET /api/login/ HTTP/1.1" 200 6100
INFO 2025-10-13 06:37:32,864 basehttp "GET /favicon.ico HTTP/1.1" 200 68
INFO 2025-10-13 06:37:43,785 basehttp "POST /api/login/ HTTP/1.1" 302 0
INFO 2025-10-13 06:37:43,811 basehttp "GET /api/controller-panel/dashboard/ HTTP/1.1" 200 24295
INFO 2025-10-13 06:37:44,346 basehttp "GET /favicon.ico HTTP/1.1" 200 68
INFO 2025-10-13 06:37:51,232 basehttp "GET /api/controller-panel/add-test/?target=student HTTP/1.1" 200 12233
INFO 2025-10-13 06:37:51,284 basehttp "GET /favicon.ico HTTP/1.1" 200 68
INFO 2025-10-13 06:37:59,446 basehttp "GET /api/controller-panel/get-teachers-by-subject-semester/?subject_id=1 HTTP/1.1" 200 69
INFO 2025-10-13 06:38:01,492 basehttp "GET /api/controller-panel/get-teachers-by-subject-semester/?subject_id=1&semester_id=1 HTTP/1.1" 200 69
INFO 2025-10-13 06:38:57,856 basehttp "POST /api/controller-panel/add-test/?target=student HTTP/1.1" 302 0
INFO 2025-10-13 06:38:57,875 basehttp "GET /api/controller-panel/dashboard/ HTTP/1.1" 200 28150
INFO 2025-10-13 06:38:57,972 basehttp "GET /favicon.ico HTTP/1.1" 200 68
INFO 2025-10-13 06:39:00,448 basehttp "GET /api/controller-panel/assign-test/85/ HTTP/1.1" 200 5509
INFO 2025-10-13 06:39:00,491 basehttp "GET /favicon.ico HTTP/1.1" 200 68
INFO 2025-10-13 06:39:06,368 basehttp "POST /api/controller-panel/assign-test/85/ HTTP/1.1" 200 6696
INFO 2025-10-13 06:39:06,389 basehttp "GET /favicon.ico HTTP/1.1" 200 68
INFO 2025-10-13 06:39:10,885 basehttp "POST /api/controller-panel/assign-test/85/ HTTP/1.1" 302 0
INFO 2025-10-13 06:39:10,904 basehttp "GET /api/controller-panel/dashboard/ HTTP/1.1" 200 28155
INFO 2025-10-13 06:39:11,083 basehttp "GET /favicon.ico HTTP/1.1" 200 68
INFO 2025-10-13 06:39:17,826 basehttp "GET /api/controller-panel/add-user/ HTTP/1.1" 200 23159
INFO 2025-10-13 06:39:17,865 basehttp "GET /favicon.ico HTTP/1.1" 200 68
INFO 2025-10-13 06:39:30,924 basehttp "GET /api/controller-panel/dashboard/ HTTP/1.1" 200 28155
INFO 2025-10-13 06:39:30,969 basehttp "GET /favicon.ico HTTP/1.1" 200 68
INFO 2025-10-13 06:39:33,770 basehttp "GET /api/controller-panel/logout/ HTTP/1.1" 302 0
INFO 2025-10-13 06:39:33,775 basehttp "GET /api/login/ HTTP/1.1" 200 6100
INFO 2025-10-13 06:39:33,865 basehttp "GET /favicon.ico HTTP/1.1" 200 68
INFO 2025-10-13 06:39:37,206 basehttp "POST /api/login/ HTTP/1.1" 302 0
INFO 2025-10-13 06:39:37,218 basehttp "GET /api/test-api/dashboard/ HTTP/1.1" 200 20530
INFO 2025-10-13 06:39:37,376 basehttp "GET /favicon.ico HTTP/1.1" 200 68
INFO 2025-10-13 06:39:41,116 basehttp "GET /api/test-api/test/85/ HTTP/1.1" 200 1786
INFO 2025-10-13 06:39:44,844 basehttp "GET /favicon.ico HTTP/1.1" 200 68
INFO 2025-10-13 06:39:45,104 basehttp "GET /favicon.ico HTTP/1.1" 200 68
INFO 2025-10-13 06:40:39,907 basehttp "POST /api/test-api/test/85/ HTTP/1.1" 302 0
INFO 2025-10-13 06:40:39,962 basehttp "GET /api/test-api/test/85/?start=1 HTTP/1.1" 200 85150
INFO 2025-10-13 06:40:40,021 basehttp "GET /media/matching_answers/5.png HTTP/1.1" 200 1461
INFO 2025-10-13 06:40:40,022 basehttp "GET /media/matching_answers/6.png HTTP/1.1" 200 1997
INFO 2025-10-13 06:40:40,026 basehttp "GET /media/matching_answers/4.png HTTP/1.1" 200 1146
INFO 2025-10-13 06:40:40,030 basehttp "GET /media/matching_answers/4_ArDabbs.png HTTP/1.1" 200 1146
INFO 2025-10-13 06:40:40,032 basehttp "GET /media/matching_answers/5_i7LAFR5.png HTTP/1.1" 200 1461
INFO 2025-10-13 06:40:40,046 basehttp "GET /media/matching_answers/6_nP6gcq1.png HTTP/1.1" 200 1997
INFO 2025-10-13 06:40:40,048 basehttp "GET /media/matching_answers/3_Z3E7vp6.png HTTP/1.1" 200 1817
INFO 2025-10-13 06:40:40,051 basehttp "GET /media/matching_answers/savolniki.jpg HTTP/1.1" 200 155910
INFO 2025-10-13 06:40:40,053 basehttp "GET /media/matching_answers/world.jpg HTTP/1.1" 200 102116
INFO 2025-10-13 06:40:40,058 basehttp "GET /media/matching_answers/savolniki_ePqcsbJ.jpg HTTP/1.1" 200 155910
INFO 2025-10-13 06:40:40,066 basehttp "GET /media/matching_answers/world_U3H1hbY.jpg HTTP/1.1" 200 102116
INFO 2025-10-13 06:40:40,070 basehttp "GET /media/matching_answers/Screenshot_from_2025-09-22_16-32-58.png HTTP/1.1" 200 199219
INFO 2025-10-13 06:40:40,075 basehttp "GET /media/matching_answers/Screenshot_from_2025-07-19_12-26-43.png HTTP/1.1" 200 423511
INFO 2025-10-13 06:40:40,081 basehttp "GET /media/matching_answers/Screenshot_from_2025-09-22_16-32-58_qqj5BLR.png HTTP/1.1" 200 199219
INFO 2025-10-13 06:40:40,342 basehttp "GET /favicon.ico HTTP/1.1" 200 68
INFO 2025-10-13 06:40:42,167 basehttp "POST /api/log-blur/ HTTP/1.1" 200 16
INFO 2025-10-13 06:40:49,437 basehttp "POST /api/log-blur/ HTTP/1.1" 200 16
INFO 2025-10-13 06:40:51,008 basehttp "POST /api/log-blur/ HTTP/1.1" 200 16
INFO 2025-10-13 06:40:51,229 basehttp "POST /api/log-blur/ HTTP/1.1" 200 16
INFO 2025-10-13 06:40:52,504 basehttp "POST /api/log-blur/ HTTP/1.1" 200 16
INFO 2025-10-13 06:40:52,621 basehttp "POST /api/log-blur/ HTTP/1.1" 200 16
INFO 2025-10-13 06:40:53,780 basehttp "POST /api/log-blur/ HTTP/1.1" 200 16
INFO 2025-10-13 06:41:03,741 basehttp "POST /api/log-blur/ HTTP/1.1" 200 16
INFO 2025-10-13 06:41:05,763 basehttp "POST /api/log-blur/ HTTP/1.1" 200 16
INFO 2025-10-13 06:41:08,282 basehttp "POST /api/log-blur/ HTTP/1.1" 200 16
INFO 2025-10-13 06:41:09,157 basehttp "POST /api/log-blur/ HTTP/1.1" 200 16
INFO 2025-10-13 06:41:10,475 basehttp "POST /api/log-blur/ HTTP/1.1" 200 16
INFO 2025-10-13 06:41:12,224 basehttp "POST /api/log-blur/ HTTP/1.1" 200 16
INFO 2025-10-13 06:41:13,625 basehttp "POST /api/log-blur/ HTTP/1.1" 200 16
INFO 2025-10-13 06:41:14,868 basehttp "POST /api/log-blur/ HTTP/1.1" 200 16
INFO 2025-10-13 06:41:16,175 basehttp "POST /api/log-blur/ HTTP/1.1" 200 16
INFO 2025-10-13 06:41:17,983 basehttp "POST /api/log-blur/ HTTP/1.1" 200 16
INFO 2025-10-13 06:41:21,007 basehttp "POST /api/log-blur/ HTTP/1.1" 200 16
INFO 2025-10-13 06:41:22,302 basehttp "POST /api/log-blur/ HTTP/1.1" 200 16
INFO 2025-10-13 06:41:25,363 basehttp "POST /api/log-blur/ HTTP/1.1" 200 16
INFO 2025-10-13 06:41:46,719 basehttp "POST /api/log-blur/ HTTP/1.1" 200 16
INFO 2025-10-13 06:41:49,642 basehttp "POST /api/log-blur/ HTTP/1.1" 200 16
INFO 2025-10-13 06:41:51,197 basehttp "POST /api/log-blur/ HTTP/1.1" 200 16
INFO 2025-10-13 06:41:52,516 basehttp "POST /api/log-blur/ HTTP/1.1" 200 16
INFO 2025-10-13 06:41:54,075 basehttp "POST /api/log-blur/ HTTP/1.1" 200 16
INFO 2025-10-13 06:41:57,019 basehttp "POST /api/log-blur/ HTTP/1.1" 200 16
INFO 2025-10-13 06:41:58,384 basehttp "POST /api/log-blur/ HTTP/1.1" 200 16
INFO 2025-10-13 06:42:01,556 basehttp "POST /api/log-blur/ HTTP/1.1" 200 16
INFO 2025-10-13 06:42:02,617 basehttp "POST /api/log-blur/ HTTP/1.1" 200 16
INFO 2025-10-13 06:42:03,912 basehttp "POST /api/log-blur/ HTTP/1.1" 200 16
INFO 2025-10-13 06:42:05,412 basehttp "POST /api/log-blur/ HTTP/1.1" 200 16
INFO 2025-10-13 06:42:06,508 basehttp "POST /api/log-blur/ HTTP/1.1" 200 16
INFO 2025-10-13 06:42:08,202 basehttp "POST /api/log-blur/ HTTP/1.1" 200 16
INFO 2025-10-13 06:42:08,398 basehttp "POST /api/test-api/test/85/?start=1 HTTP/1.1" 302 0
INFO 2025-10-13 06:42:08,445 basehttp "GET /api/test-api/result/150/ HTTP/1.1" 200 29351
INFO 2025-10-13 06:42:08,574 basehttp "GET /favicon.ico HTTP/1.1" 200 68
INFO 2025-10-13 06:42:30,753 basehttp "GET /api/test-api/dashboard/ HTTP/1.1" 200 20536
INFO 2025-10-13 06:42:30,800 basehttp "GET /favicon.ico HTTP/1.1" 200 68
INFO 2025-10-13 06:42:35,348 basehttp "GET /api/test-api/test/85/ HTTP/1.1" 200 1786
INFO 2025-10-13 06:42:36,546 basehttp "GET /favicon.ico HTTP/1.1" 200 68
INFO 2025-10-13 06:48:40,815 basehttp "POST /api/test-api/test/85/ HTTP/1.1" 302 0
INFO 2025-10-13 06:48:40,828 basehttp "GET /api/test-api/test/85/?start=1 HTTP/1.1" 200 4937
INFO 2025-10-13 06:48:41,083 basehttp "GET /favicon.ico HTTP/1.1" 200 68
INFO 2025-10-13 06:48:42,256 basehttp "GET /api/test-api/dashboard/ HTTP/1.1" 200 20536
INFO 2025-10-13 06:48:42,299 basehttp "GET /favicon.ico HTTP/1.1" 200 68
INFO 2025-10-13 06:48:47,935 basehttp "GET /api/login/ HTTP/1.1" 200 6100
INFO 2025-10-13 06:48:47,986 basehttp "GET /favicon.ico HTTP/1.1" 200 68
INFO 2025-10-13 06:49:00,892 basehttp "POST /api/login/ HTTP/1.1" 302 0
INFO 2025-10-13 06:49:00,915 basehttp "GET /api/controller-panel/dashboard/ HTTP/1.1" 200 28155
INFO 2025-10-13 06:49:01,019 basehttp "GET /favicon.ico HTTP/1.1" 200 68
INFO 2025-10-13 06:49:08,469 basehttp "GET /api/test-api/all-results/ HTTP/1.1" 200 409749
INFO 2025-10-13 06:49:08,543 basehttp "GET /favicon.ico HTTP/1.1" 200 68
INFO 2025-10-13 06:49:31,038 basehttp "POST /api/student-answers/970/adjust/ HTTP/1.1" 200 138
INFO 2025-10-13 06:49:31,267 basehttp "GET /api/test-api/all-results/ HTTP/1.1" 200 409325
INFO 2025-10-13 06:49:31,324 basehttp "GET /favicon.ico HTTP/1.1" 200 68
INFO 2025-10-13 06:50:17,262 basehttp "POST /api/student-answers/969/adjust/ HTTP/1.1" 200 146
INFO 2025-10-13 06:50:17,502 basehttp "GET /api/test-api/all-results/ HTTP/1.1" 200 408990
INFO 2025-10-13 06:50:17,557 basehttp "GET /favicon.ico HTTP/1.1" 200 68
INFO 2025-10-13 06:50:25,153 basehttp "GET /api/test-api/subject/matematika/groups/ HTTP/1.1" 200 33
INFO 2025-10-13 06:50:32,938 basehttp "GET /api/test-api/export-subject/matematika/pdf/?group=409 HTTP/1.1" 200 7361
